2021-06-18 04:30:23,411 INFO o.a.j.u.JMeterUtils: Setting Locale to en_EN
2021-06-18 04:30:23,428 INFO o.a.j.JMeter: Loading user properties from: /home/vagrant/apache-jmeter-5.4.1/bin/user.properties
2021-06-18 04:30:23,428 INFO o.a.j.JMeter: Loading system properties from: /home/vagrant/apache-jmeter-5.4.1/bin/system.properties
2021-06-18 04:30:23,434 INFO o.a.j.JMeter: Copyright (c) 1998-2021 The Apache Software Foundation
2021-06-18 04:30:23,434 INFO o.a.j.JMeter: Version 5.4.1
2021-06-18 04:30:23,434 INFO o.a.j.JMeter: java.version=11.0.11
2021-06-18 04:30:23,434 INFO o.a.j.JMeter: java.vm.name=OpenJDK 64-Bit Server VM
2021-06-18 04:30:23,434 INFO o.a.j.JMeter: os.name=Linux
2021-06-18 04:30:23,434 INFO o.a.j.JMeter: os.arch=amd64
2021-06-18 04:30:23,434 INFO o.a.j.JMeter: os.version=4.15.0-144-generic
2021-06-18 04:30:23,434 INFO o.a.j.JMeter: file.encoding=UTF-8
2021-06-18 04:30:23,434 INFO o.a.j.JMeter: java.awt.headless=true
2021-06-18 04:30:23,435 INFO o.a.j.JMeter: Max memory     =1073741824
2021-06-18 04:30:23,435 INFO o.a.j.JMeter: Available Processors =2
2021-06-18 04:30:23,441 INFO o.a.j.JMeter: Default Locale=English (EN)
2021-06-18 04:30:23,441 INFO o.a.j.JMeter: JMeter  Locale=English (EN)
2021-06-18 04:30:23,441 INFO o.a.j.JMeter: JMeterHome=/home/vagrant/apache-jmeter-5.4.1
2021-06-18 04:30:23,441 INFO o.a.j.JMeter: user.dir  =/home/vagrant
2021-06-18 04:30:23,442 INFO o.a.j.JMeter: PWD       =/home/vagrant
2021-06-18 04:30:23,442 INFO o.a.j.JMeter: IP: 127.0.1.1 Name: ubuntu-bionic FullName: ubuntu-bionic
2021-06-18 04:30:23,445 INFO o.a.j.s.FileServer: Default base='/home/vagrant'
2021-06-18 04:30:23,446 INFO o.a.j.s.FileServer: Set new base='/home/vagrant'
2021-06-18 04:30:23,576 INFO o.a.j.s.SaveService: Testplan (JMX) version: 2.2. Testlog (JTL) version: 2.2
2021-06-18 04:30:23,605 INFO o.a.j.s.SaveService: Using SaveService properties version 5.0
2021-06-18 04:30:23,609 INFO o.a.j.s.SaveService: Using SaveService properties file encoding UTF-8
2021-06-18 04:30:23,611 INFO o.a.j.s.SaveService: Loading file: Test_Plan_1.jmx
2021-06-18 04:30:23,647 INFO o.a.j.p.h.s.HTTPSamplerBase: Parser for text/html is org.apache.jmeter.protocol.http.parser.LagartoBasedHtmlParser
2021-06-18 04:30:23,647 INFO o.a.j.p.h.s.HTTPSamplerBase: Parser for application/xhtml+xml is org.apache.jmeter.protocol.http.parser.LagartoBasedHtmlParser
2021-06-18 04:30:23,648 INFO o.a.j.p.h.s.HTTPSamplerBase: Parser for application/xml is org.apache.jmeter.protocol.http.parser.LagartoBasedHtmlParser
2021-06-18 04:30:23,648 INFO o.a.j.p.h.s.HTTPSamplerBase: Parser for text/xml is org.apache.jmeter.protocol.http.parser.LagartoBasedHtmlParser
2021-06-18 04:30:23,648 INFO o.a.j.p.h.s.HTTPSamplerBase: Parser for text/vnd.wap.wml is org.apache.jmeter.protocol.http.parser.RegexpHTMLParser
2021-06-18 04:30:23,648 INFO o.a.j.p.h.s.HTTPSamplerBase: Parser for text/css is org.apache.jmeter.protocol.http.parser.CssParser
2021-06-18 04:30:23,658 INFO o.a.j.JMeter: Creating summariser <summary>
2021-06-18 04:30:23,669 INFO o.a.j.e.StandardJMeterEngine: Running the test!
2021-06-18 04:30:23,674 INFO o.a.j.s.SampleEvent: List of sample_variables: []
2021-06-18 04:30:23,674 INFO o.a.j.s.SampleEvent: List of sample_variables: []
2021-06-18 04:30:23,685 INFO o.a.j.e.u.CompoundVariable: Note: Function class names must contain the string: '.functions.'
2021-06-18 04:30:23,685 INFO o.a.j.e.u.CompoundVariable: Note: Function class names must not contain the string: '.gui.'
2021-06-18 04:30:23,911 INFO o.a.j.JMeter: Running test (1623990623911)
2021-06-18 04:30:23,965 INFO o.a.j.e.StandardJMeterEngine: Starting ThreadGroup: 1 : Thread Group
2021-06-18 04:30:23,965 INFO o.a.j.e.StandardJMeterEngine: Starting 50 threads for group Thread Group.
2021-06-18 04:30:23,965 INFO o.a.j.e.StandardJMeterEngine: Thread will continue on error
2021-06-18 04:30:23,965 INFO o.a.j.t.ThreadGroup: Starting thread group... number=1 threads=50 ramp-up=1 delayedStart=false
2021-06-18 04:30:23,993 INFO o.a.j.t.JMeterThread: Thread started: Thread Group 1-1
2021-06-18 04:30:24,008 INFO o.a.j.p.h.s.HTTPHCAbstractImpl: Local host = ubuntu-bionic
2021-06-18 04:30:24,013 INFO o.a.j.p.h.s.HTTPHC4Impl: HTTP request retry count = 0
2021-06-18 04:30:24,014 INFO o.a.j.s.SampleResult: Note: Sample TimeStamps are START times
2021-06-18 04:30:24,014 INFO o.a.j.s.SampleResult: sampleresult.default.encoding is set to ISO-8859-1
2021-06-18 04:30:24,014 INFO o.a.j.s.SampleResult: sampleresult.useNanoTime=true
2021-06-18 04:30:24,014 INFO o.a.j.s.SampleResult: sampleresult.nanoThreadSleep=5000
2021-06-18 04:30:24,016 INFO o.a.j.t.JMeterThread: Thread started: Thread Group 1-2
2021-06-18 04:30:24,035 INFO o.a.j.t.JMeterThread: Thread started: Thread Group 1-3
2021-06-18 04:30:24,047 INFO o.a.j.t.JMeterThread: Thread started: Thread Group 1-4
2021-06-18 04:30:24,056 INFO o.a.j.t.ThreadGroup: Started thread group number 1
2021-06-18 04:30:24,056 INFO o.a.j.e.StandardJMeterEngine: All thread groups have been started
2021-06-18 04:30:24,068 INFO o.a.j.t.JMeterThread: Thread started: Thread Group 1-5
2021-06-18 04:30:24,089 INFO o.a.j.t.JMeterThread: Thread started: Thread Group 1-6
2021-06-18 04:30:24,090 INFO o.a.j.t.JMeterThread: Thread started: Thread Group 1-7
2021-06-18 04:30:24,110 INFO o.a.j.t.JMeterThread: Thread started: Thread Group 1-8
2021-06-18 04:30:24,131 INFO o.a.j.t.JMeterThread: Thread started: Thread Group 1-9
2021-06-18 04:30:24,151 INFO o.a.j.t.JMeterThread: Thread started: Thread Group 1-10
2021-06-18 04:30:24,170 INFO o.a.j.t.JMeterThread: Thread started: Thread Group 1-11
2021-06-18 04:30:24,214 INFO o.a.j.t.JMeterThread: Thread started: Thread Group 1-12
2021-06-18 04:30:24,216 INFO o.a.j.t.JMeterThread: Thread started: Thread Group 1-13
2021-06-18 04:30:24,238 INFO o.a.j.t.JMeterThread: Thread started: Thread Group 1-14
2021-06-18 04:30:24,248 INFO o.a.j.t.JMeterThread: Thread started: Thread Group 1-15
2021-06-18 04:30:24,271 INFO o.a.j.t.JMeterThread: Thread started: Thread Group 1-16
2021-06-18 04:30:24,291 INFO o.a.j.t.JMeterThread: Thread started: Thread Group 1-17
2021-06-18 04:30:24,311 INFO o.a.j.t.JMeterThread: Thread started: Thread Group 1-18
2021-06-18 04:30:24,352 INFO o.a.j.t.JMeterThread: Thread started: Thread Group 1-19
2021-06-18 04:30:24,375 INFO o.a.j.t.JMeterThread: Thread started: Thread Group 1-20
2021-06-18 04:30:24,387 INFO o.a.j.t.JMeterThread: Thread started: Thread Group 1-21
2021-06-18 04:30:24,403 INFO o.a.j.t.JMeterThread: Thread started: Thread Group 1-22
2021-06-18 04:30:24,418 INFO o.a.j.t.JMeterThread: Thread started: Thread Group 1-23
2021-06-18 04:30:24,434 INFO o.a.j.t.JMeterThread: Thread started: Thread Group 1-24
2021-06-18 04:30:24,455 INFO o.a.j.t.JMeterThread: Thread started: Thread Group 1-25
2021-06-18 04:30:24,477 INFO o.a.j.t.JMeterThread: Thread started: Thread Group 1-26
2021-06-18 04:30:24,499 INFO o.a.j.t.JMeterThread: Thread started: Thread Group 1-27
2021-06-18 04:30:24,520 INFO o.a.j.t.JMeterThread: Thread started: Thread Group 1-28
2021-06-18 04:30:24,535 INFO o.a.j.t.JMeterThread: Thread started: Thread Group 1-29
2021-06-18 04:30:24,556 INFO o.a.j.t.JMeterThread: Thread started: Thread Group 1-30
2021-06-18 04:30:24,577 INFO o.a.j.t.JMeterThread: Thread started: Thread Group 1-31
2021-06-18 04:30:24,595 INFO o.a.j.t.JMeterThread: Thread started: Thread Group 1-32
2021-06-18 04:30:24,615 INFO o.a.j.t.JMeterThread: Thread started: Thread Group 1-33
2021-06-18 04:30:24,635 INFO o.a.j.t.JMeterThread: Thread started: Thread Group 1-34
2021-06-18 04:30:24,657 INFO o.a.j.t.JMeterThread: Thread started: Thread Group 1-35
2021-06-18 04:30:24,674 INFO o.a.j.t.JMeterThread: Thread started: Thread Group 1-36
2021-06-18 04:30:24,694 INFO o.a.j.t.JMeterThread: Thread started: Thread Group 1-37
2021-06-18 04:30:24,713 INFO o.a.j.t.JMeterThread: Thread started: Thread Group 1-38
2021-06-18 04:30:24,735 INFO o.a.j.t.JMeterThread: Thread started: Thread Group 1-39
2021-06-18 04:30:24,755 INFO o.a.j.t.JMeterThread: Thread started: Thread Group 1-40
2021-06-18 04:30:24,799 INFO o.a.j.t.JMeterThread: Thread started: Thread Group 1-42
2021-06-18 04:30:24,803 INFO o.a.j.t.JMeterThread: Thread started: Thread Group 1-41
2021-06-18 04:30:24,806 INFO o.a.j.t.JMeterThread: Thread started: Thread Group 1-43
2021-06-18 04:30:24,827 INFO o.a.j.t.JMeterThread: Thread started: Thread Group 1-44
2021-06-18 04:30:24,847 INFO o.a.j.t.JMeterThread: Thread started: Thread Group 1-45
2021-06-18 04:30:24,868 INFO o.a.j.t.JMeterThread: Thread started: Thread Group 1-46
2021-06-18 04:30:24,898 INFO o.a.j.t.JMeterThread: Thread started: Thread Group 1-47
2021-06-18 04:30:24,906 INFO o.a.j.t.JMeterThread: Thread started: Thread Group 1-48
2021-06-18 04:30:24,939 INFO o.a.j.t.JMeterThread: Thread started: Thread Group 1-49
2021-06-18 04:30:24,951 INFO o.a.j.t.JMeterThread: Thread started: Thread Group 1-50
2021-06-18 04:30:30,223 INFO o.a.j.r.Summariser: summary +     19 in 00:00:06 =    3.0/s Avg:  3265 Min:   406 Max:  5867 Err:     0 (0.00%) Active: 50 Started: 50 Finished: 0
2021-06-18 04:31:00,124 INFO o.a.j.r.Summariser: summary +     82 in 00:00:30 =    2.7/s Avg: 15531 Min:  6350 Max: 20363 Err:     0 (0.00%) Active: 50 Started: 50 Finished: 0
2021-06-18 04:31:00,124 INFO o.a.j.r.Summariser: summary =    101 in 00:00:36 =    2.8/s Avg: 13224 Min:   406 Max: 20363 Err:     0 (0.00%)
2021-06-18 04:31:25,319 INFO o.a.j.t.JMeterThread: Stopping because end time detected by thread: Thread Group 1-14
2021-06-18 04:31:25,319 INFO o.a.j.t.JMeterThread: Thread finished: Thread Group 1-14
2021-06-18 04:31:25,419 INFO o.a.j.t.JMeterThread: Stopping because end time detected by thread: Thread Group 1-21
2021-06-18 04:31:25,419 INFO o.a.j.t.JMeterThread: Thread finished: Thread Group 1-21
2021-06-18 04:31:25,428 INFO o.a.j.t.JMeterThread: Stopping because end time detected by thread: Thread Group 1-15
2021-06-18 04:31:25,428 INFO o.a.j.t.JMeterThread: Thread finished: Thread Group 1-15
2021-06-18 04:31:25,620 INFO o.a.j.t.JMeterThread: Stopping because end time detected by thread: Thread Group 1-18
2021-06-18 04:31:25,621 INFO o.a.j.t.JMeterThread: Thread finished: Thread Group 1-18
2021-06-18 04:31:25,625 INFO o.a.j.t.JMeterThread: Stopping because end time detected by thread: Thread Group 1-22
2021-06-18 04:31:25,626 INFO o.a.j.t.JMeterThread: Thread finished: Thread Group 1-22
2021-06-18 04:31:27,140 INFO o.a.j.t.JMeterThread: Stopping because end time detected by thread: Thread Group 1-19
2021-06-18 04:31:27,140 INFO o.a.j.t.JMeterThread: Thread finished: Thread Group 1-19
2021-06-18 04:31:27,226 INFO o.a.j.t.JMeterThread: Stopping because end time detected by thread: Thread Group 1-24
2021-06-18 04:31:27,227 INFO o.a.j.t.JMeterThread: Thread finished: Thread Group 1-24
2021-06-18 04:31:27,524 INFO o.a.j.t.JMeterThread: Stopping because end time detected by thread: Thread Group 1-20
2021-06-18 04:31:27,524 INFO o.a.j.t.JMeterThread: Thread finished: Thread Group 1-20
2021-06-18 04:31:27,920 INFO o.a.j.t.JMeterThread: Stopping because end time detected by thread: Thread Group 1-27
2021-06-18 04:31:27,921 INFO o.a.j.t.JMeterThread: Thread finished: Thread Group 1-27
2021-06-18 04:31:28,718 INFO o.a.j.t.JMeterThread: Stopping because end time detected by thread: Thread Group 1-29
2021-06-18 04:31:28,718 INFO o.a.j.t.JMeterThread: Thread finished: Thread Group 1-29
2021-06-18 04:31:28,721 INFO o.a.j.t.JMeterThread: Stopping because end time detected by thread: Thread Group 1-25
2021-06-18 04:31:28,722 INFO o.a.j.t.JMeterThread: Thread finished: Thread Group 1-25
2021-06-18 04:31:29,252 INFO o.a.j.t.JMeterThread: Stopping because end time detected by thread: Thread Group 1-31
2021-06-18 04:31:29,252 INFO o.a.j.t.JMeterThread: Thread finished: Thread Group 1-31
2021-06-18 04:31:30,221 INFO o.a.j.r.Summariser: summary +     77 in 00:00:30 =    2.6/s Avg: 18345 Min: 15801 Max: 21306 Err:     0 (0.00%) Active: 38 Started: 50 Finished: 12
2021-06-18 04:31:30,222 INFO o.a.j.r.Summariser: summary =    178 in 00:01:06 =    2.7/s Avg: 15439 Min:   406 Max: 21306 Err:     0 (0.00%)
2021-06-18 04:31:30,223 INFO o.a.j.t.JMeterThread: Stopping because end time detected by thread: Thread Group 1-28
2021-06-18 04:31:30,223 INFO o.a.j.t.JMeterThread: Thread finished: Thread Group 1-28
2021-06-18 04:31:30,225 INFO o.a.j.t.JMeterThread: Stopping because end time detected by thread: Thread Group 1-23
2021-06-18 04:31:30,225 INFO o.a.j.t.JMeterThread: Thread finished: Thread Group 1-23
2021-06-18 04:31:30,226 INFO o.a.j.t.JMeterThread: Stopping because end time detected by thread: Thread Group 1-8
2021-06-18 04:31:30,226 INFO o.a.j.t.JMeterThread: Thread finished: Thread Group 1-8
2021-06-18 04:31:30,417 INFO o.a.j.t.JMeterThread: Stopping because end time detected by thread: Thread Group 1-34
2021-06-18 04:31:30,417 INFO o.a.j.t.JMeterThread: Thread finished: Thread Group 1-34
2021-06-18 04:31:30,616 INFO o.a.j.t.JMeterThread: Stopping because end time detected by thread: Thread Group 1-30
2021-06-18 04:31:30,616 INFO o.a.j.t.JMeterThread: Thread finished: Thread Group 1-30
2021-06-18 04:31:30,618 INFO o.a.j.t.JMeterThread: Stopping because end time detected by thread: Thread Group 1-26
2021-06-18 04:31:30,618 INFO o.a.j.t.JMeterThread: Thread finished: Thread Group 1-26
2021-06-18 04:31:30,627 INFO o.a.j.t.JMeterThread: Stopping because end time detected by thread: Thread Group 1-32
2021-06-18 04:31:30,627 INFO o.a.j.t.JMeterThread: Thread finished: Thread Group 1-32
2021-06-18 04:31:31,641 INFO o.a.j.t.JMeterThread: Stopping because end time detected by thread: Thread Group 1-33
2021-06-18 04:31:31,641 INFO o.a.j.t.JMeterThread: Thread finished: Thread Group 1-33
2021-06-18 04:31:32,423 INFO o.a.j.t.JMeterThread: Stopping because end time detected by thread: Thread Group 1-35
2021-06-18 04:31:32,423 INFO o.a.j.t.JMeterThread: Thread finished: Thread Group 1-35
2021-06-18 04:31:32,862 INFO o.a.j.t.JMeterThread: Stopping because end time detected by thread: Thread Group 1-40
2021-06-18 04:31:32,862 INFO o.a.j.t.JMeterThread: Thread finished: Thread Group 1-40
2021-06-18 04:31:32,863 INFO o.a.j.t.JMeterThread: Stopping because end time detected by thread: Thread Group 1-37
2021-06-18 04:31:32,863 INFO o.a.j.t.JMeterThread: Thread finished: Thread Group 1-37
2021-06-18 04:31:32,864 INFO o.a.j.t.JMeterThread: Stopping because end time detected by thread: Thread Group 1-36
2021-06-18 04:31:32,864 INFO o.a.j.t.JMeterThread: Thread finished: Thread Group 1-36
2021-06-18 04:31:33,922 INFO o.a.j.t.JMeterThread: Stopping because end time detected by thread: Thread Group 1-41
2021-06-18 04:31:33,923 INFO o.a.j.t.JMeterThread: Thread finished: Thread Group 1-41
2021-06-18 04:31:34,135 INFO o.a.j.t.JMeterThread: Stopping because end time detected by thread: Thread Group 1-38
2021-06-18 04:31:34,135 INFO o.a.j.t.JMeterThread: Thread finished: Thread Group 1-38
2021-06-18 04:31:34,136 INFO o.a.j.t.JMeterThread: Stopping because end time detected by thread: Thread Group 1-43
2021-06-18 04:31:34,136 INFO o.a.j.t.JMeterThread: Thread finished: Thread Group 1-43
2021-06-18 04:31:34,218 INFO o.a.j.t.JMeterThread: Stopping because end time detected by thread: Thread Group 1-39
2021-06-18 04:31:34,219 INFO o.a.j.t.JMeterThread: Thread finished: Thread Group 1-39
2021-06-18 04:31:34,932 INFO o.a.j.t.JMeterThread: Stopping because end time detected by thread: Thread Group 1-45
2021-06-18 04:31:34,932 INFO o.a.j.t.JMeterThread: Thread finished: Thread Group 1-45
2021-06-18 04:31:35,017 INFO o.a.j.t.JMeterThread: Stopping because end time detected by thread: Thread Group 1-44
2021-06-18 04:31:35,018 INFO o.a.j.t.JMeterThread: Thread finished: Thread Group 1-44
2021-06-18 04:31:35,263 INFO o.a.j.t.JMeterThread: Stopping because end time detected by thread: Thread Group 1-7
2021-06-18 04:31:35,263 INFO o.a.j.t.JMeterThread: Thread finished: Thread Group 1-7
2021-06-18 04:31:35,264 INFO o.a.j.t.JMeterThread: Stopping because end time detected by thread: Thread Group 1-42
2021-06-18 04:31:35,264 INFO o.a.j.t.JMeterThread: Thread finished: Thread Group 1-42
2021-06-18 04:31:35,527 INFO o.a.j.t.JMeterThread: Stopping because end time detected by thread: Thread Group 1-46
2021-06-18 04:31:35,527 INFO o.a.j.t.JMeterThread: Thread finished: Thread Group 1-46
2021-06-18 04:31:35,821 INFO o.a.j.t.JMeterThread: Stopping because end time detected by thread: Thread Group 1-50
2021-06-18 04:31:35,822 INFO o.a.j.t.JMeterThread: Thread finished: Thread Group 1-50
2021-06-18 04:31:36,928 INFO o.a.j.t.JMeterThread: Stopping because end time detected by thread: Thread Group 1-47
2021-06-18 04:31:36,929 INFO o.a.j.t.JMeterThread: Thread finished: Thread Group 1-47
2021-06-18 04:31:37,521 INFO o.a.j.t.JMeterThread: Stopping because end time detected by thread: Thread Group 1-49
2021-06-18 04:31:37,522 INFO o.a.j.t.JMeterThread: Thread finished: Thread Group 1-49
2021-06-18 04:31:37,924 INFO o.a.j.t.JMeterThread: Stopping because end time detected by thread: Thread Group 1-48
2021-06-18 04:31:37,924 INFO o.a.j.t.JMeterThread: Stopping because end time detected by thread: Thread Group 1-5
2021-06-18 04:31:37,924 INFO o.a.j.t.JMeterThread: Thread finished: Thread Group 1-48
2021-06-18 04:31:37,925 INFO o.a.j.t.JMeterThread: Thread finished: Thread Group 1-5
2021-06-18 04:31:38,332 INFO o.a.j.t.JMeterThread: Stopping because end time detected by thread: Thread Group 1-9
2021-06-18 04:31:38,332 INFO o.a.j.t.JMeterThread: Thread finished: Thread Group 1-9
2021-06-18 04:31:38,445 INFO o.a.j.t.JMeterThread: Stopping because end time detected by thread: Thread Group 1-1
2021-06-18 04:31:38,446 INFO o.a.j.t.JMeterThread: Thread finished: Thread Group 1-1
2021-06-18 04:31:38,918 INFO o.a.j.t.JMeterThread: Stopping because end time detected by thread: Thread Group 1-2
2021-06-18 04:31:38,918 INFO o.a.j.t.JMeterThread: Thread finished: Thread Group 1-2
2021-06-18 04:31:39,119 INFO o.a.j.t.JMeterThread: Stopping because end time detected by thread: Thread Group 1-6
2021-06-18 04:31:39,120 INFO o.a.j.t.JMeterThread: Thread finished: Thread Group 1-6
2021-06-18 04:31:39,321 INFO o.a.j.t.JMeterThread: Stopping because end time detected by thread: Thread Group 1-4
2021-06-18 04:31:39,322 INFO o.a.j.t.JMeterThread: Thread finished: Thread Group 1-4
2021-06-18 04:31:39,553 INFO o.a.j.t.JMeterThread: Stopping because end time detected by thread: Thread Group 1-11
2021-06-18 04:31:39,554 INFO o.a.j.t.JMeterThread: Thread finished: Thread Group 1-11
2021-06-18 04:31:39,556 INFO o.a.j.t.JMeterThread: Stopping because end time detected by thread: Thread Group 1-10
2021-06-18 04:31:39,556 INFO o.a.j.t.JMeterThread: Thread finished: Thread Group 1-10
2021-06-18 04:31:40,425 INFO o.a.j.t.JMeterThread: Stopping because end time detected by thread: Thread Group 1-3
2021-06-18 04:31:40,425 INFO o.a.j.t.JMeterThread: Thread finished: Thread Group 1-3
2021-06-18 04:31:40,427 INFO o.a.j.t.JMeterThread: Stopping because end time detected by thread: Thread Group 1-16
2021-06-18 04:31:40,427 INFO o.a.j.t.JMeterThread: Thread finished: Thread Group 1-16
2021-06-18 04:31:40,520 INFO o.a.j.t.JMeterThread: Stopping because end time detected by thread: Thread Group 1-17
2021-06-18 04:31:40,520 INFO o.a.j.t.JMeterThread: Thread finished: Thread Group 1-17
2021-06-18 04:31:40,820 INFO o.a.j.t.JMeterThread: Stopping because end time detected by thread: Thread Group 1-13
2021-06-18 04:31:40,821 INFO o.a.j.t.JMeterThread: Thread finished: Thread Group 1-13
2021-06-18 04:31:40,822 INFO o.a.j.t.JMeterThread: Stopping because end time detected by thread: Thread Group 1-12
2021-06-18 04:31:40,822 INFO o.a.j.t.JMeterThread: Thread finished: Thread Group 1-12
2021-06-18 04:31:40,822 INFO o.a.j.e.StandardJMeterEngine: Notifying test listeners of end of test
2021-06-18 04:31:40,823 INFO o.a.j.r.Summariser: summary +     37 in 00:00:11 =    3.5/s Avg: 18972 Min: 16731 Max: 21592 Err:     0 (0.00%) Active: 0 Started: 50 Finished: 50
2021-06-18 04:31:40,823 INFO o.a.j.r.Summariser: summary =    215 in 00:01:17 =    2.8/s Avg: 16047 Min:   406 Max: 21592 Err:     0 (0.00%)
